10:23:45  [main] 	Initializing Control Panel
10:23:45  [main] 	Windows Version:  Enterprise  64-bit
10:23:45  [main] 	XAMPP Version: 7.2.7
10:23:45  [main] 	Control Panel Version: 3.2.2  [ Compiled: Nov 12th 2015 ]
10:23:45  [main] 	Running with Administrator rights - good!
10:23:45  [main] 	XAMPP Installation Directory: "c:\xampp\"
10:23:45  [main] 	Checking for prerequisites
10:23:45  [main] 	All prerequisites found
10:23:45  [main] 	Initializing Modules
10:23:45  [main] 	Starting Check-Timer
10:23:45  [main] 	Control Panel Ready
10:24:26  [Apache] 	Installing service...
10:24:26  [Apache] 	Successful!
10:24:29  [mysql] 	Installing service...
10:24:30  [mysql] 	Successful!
10:24:31  [Apache] 	Attempting to start Apache service...
10:24:32  [Apache] 	Status change detected: running
10:24:33  [mysql] 	Attempting to start MySQL service...
10:24:33  [mysql] 	Status change detected: running
15:17:43  [main] 	Deinitializing Modules
15:17:43  [main] 	Deinitializing Control Panel

15:51:01  [main] 	Initializing Control Panel
15:51:01  [main] 	Windows Version:  Enterprise  64-bit
15:51:01  [main] 	XAMPP Version: 7.2.7
15:51:01  [main] 	Control Panel Version: 3.2.2  [ Compiled: Nov 12th 2015 ]
15:51:01  [main] 	Running with Administrator rights - good!
15:51:01  [main] 	XAMPP Installation Directory: "c:\xampp\"
15:51:01  [main] 	Checking for prerequisites
15:51:01  [main] 	All prerequisites found
15:51:01  [main] 	Initializing Modules
15:51:01  [Apache] 	XAMPP Apache Service is already running on port 80
15:51:01  [Apache] 	XAMPP Apache Service is already running on port 443
15:51:01  [mysql] 	XAMPP MySQL Service is already running on port 3306
15:51:01  [main] 	Starting Check-Timer
15:51:01  [main] 	Control Panel Ready
21:37:31  [main] 	Deinitializing Modules
21:37:31  [main] 	Deinitializing Control Panel

